<?xml version="1.0" encoding="UTF-8"?>
<robot generator="Robot 7.2.2 (Python 3.13.2 on win32)" generated="2025-03-10T16:20:29.158848" rpa="false" schemaversion="5">
<suite id="s1" name="Test" source="E:\robotframework\Tests\test.robot">
<test id="s1-t1" name=" TEST1" line="11">
<kw name="Open Browser" owner="SeleniumLibrary" type="SETUP">
<msg time="2025-03-10T16:20:29.323215" level="TRACE">Arguments: [ url='https://the-internet.herokuapp.com/login' | browser='chrome' ]</msg>
<msg time="2025-03-10T16:20:29.323317" level="INFO">Opening browser 'chrome' to base url 'https://the-internet.herokuapp.com/login'.</msg>
<msg time="2025-03-10T16:20:29.324348" level="DEBUG">Selenium Manager binary found at: E:\python313\Lib\site-packages\selenium\webdriver\common\windows\selenium-manager.exe</msg>
<msg time="2025-03-10T16:20:29.324406" level="DEBUG">Executing process: E:\python313\Lib\site-packages\selenium\webdriver\common\windows\selenium-manager.exe --browser chrome --language-binding python --output json</msg>
<msg time="2025-03-10T16:20:29.487495" level="DEBUG">Driver path: C:\Users\Alexander\.cache\selenium\chromedriver\win64\133.0.6943.141\chromedriver.exe</msg>
<msg time="2025-03-10T16:20:29.487588" level="DEBUG">Browser path: C:\Program Files\Google\Chrome\Application\chrome.exe</msg>
<msg time="2025-03-10T16:20:29.490654" level="DEBUG">Started executable: `C:\Users\Alexander\.cache\selenium\chromedriver\win64\133.0.6943.141\chromedriver.exe` in a child process with pid: 7124 using 0 to output -3</msg>
<msg time="2025-03-10T16:20:29.995879" level="DEBUG">POST http://localhost:63630/session {'capabilities': {'firstMatch': [{}], 'alwaysMatch': {'browserName': 'chrome', 'pageLoadStrategy': &lt;PageLoadStrategy.normal: 'normal'&gt;, 'browserVersion': None, 'goog:chromeOptions': {'extensions': [], 'binary': 'C:\\Program Files\\Google\\Chrome\\Application\\chrome.exe', 'args': []}}}}</msg>
<msg time="2025-03-10T16:20:29.996146" level="DEBUG">Starting new HTTP connection (1): localhost:63630</msg>
<msg time="2025-03-10T16:20:30.477325" level="DEBUG">http://localhost:63630 "POST /session HTTP/1.1" 200 0</msg>
<msg time="2025-03-10T16:20:30.477474" level="DEBUG">Remote response: status=200 | data={"value":{"capabilities":{"acceptInsecureCerts":false,"browserName":"chrome","browserVersion":"133.0.6943.142","chrome":{"chromedriverVersion":"133.0.6943.141 (2a5d6da0d6165d7b107502095a937fe7704fcef6-refs/branch-heads/6943@{#1912})","userDataDir":"C:\\Users\\ALEXAN~1\\AppData\\Local\\Temp\\scoped_dir7124_1051336951"},"fedcm:accounts":true,"goog:chromeOptions":{"debuggerAddress":"localhost:63633"},"networkConnectionEnabled":false,"pageLoadStrategy":"normal","platformName":"windows","proxy":{},"setWindowRect":true,"strictFileInteractability":false,"timeouts":{"implicit":0,"pageLoad":300000,"script":30000},"unhandledPromptBehavior":"dismiss and notify","webauthn:extension:credBlob":true,"webauthn:extension:largeBlob":true,"webauthn:extension:minPinLength":true,"webauthn:extension:prf":true,"webauthn:virtualAuthenticators":true},"sessionId":"62c061cb753d9f7df7172999f5b7dcf1"}} | headers=HTTPHeaderDict({'Content-Length': '886', 'Content-Type': 'application/json; charset=utf-8', 'cache-control': 'no-cache'})</msg>
<msg time="2025-03-10T16:20:30.477558" level="DEBUG">Finished Request</msg>
<msg time="2025-03-10T16:20:30.477701" level="DEBUG">POST http://localhost:63630/session/62c061cb753d9f7df7172999f5b7dcf1/timeouts {'script': 5000}</msg>
<msg time="2025-03-10T16:20:30.478403" level="DEBUG">http://localhost:63630 "POST /session/62c061cb753d9f7df7172999f5b7dcf1/timeouts HTTP/1.1" 200 0</msg>
<msg time="2025-03-10T16:20:30.478509" level="DEBUG">Remote response: status=200 | data={"value":null} | headers=HTTPHeaderDict({'Content-Length': '14', 'Content-Type': 'application/json; charset=utf-8', 'cache-control': 'no-cache'})</msg>
<msg time="2025-03-10T16:20:30.478577" level="DEBUG">Finished Request</msg>
<msg time="2025-03-10T16:20:30.478663" level="DEBUG">POST http://localhost:63630/session/62c061cb753d9f7df7172999f5b7dcf1/timeouts {'implicit': 0}</msg>
<msg time="2025-03-10T16:20:30.479141" level="DEBUG">http://localhost:63630 "POST /session/62c061cb753d9f7df7172999f5b7dcf1/timeouts HTTP/1.1" 200 0</msg>
<msg time="2025-03-10T16:20:30.479209" level="DEBUG">Remote response: status=200 | data={"value":null} | headers=HTTPHeaderDict({'Content-Length': '14', 'Content-Type': 'application/json; charset=utf-8', 'cache-control': 'no-cache'})</msg>
<msg time="2025-03-10T16:20:30.479251" level="DEBUG">Finished Request</msg>
<msg time="2025-03-10T16:20:30.479317" level="DEBUG">POST http://localhost:63630/session/62c061cb753d9f7df7172999f5b7dcf1/timeouts {'pageLoad': 300000}</msg>
<msg time="2025-03-10T16:20:30.479747" level="DEBUG">http://localhost:63630 "POST /session/62c061cb753d9f7df7172999f5b7dcf1/timeouts HTTP/1.1" 200 0</msg>
<msg time="2025-03-10T16:20:30.479811" level="DEBUG">Remote response: status=200 | data={"value":null} | headers=HTTPHeaderDict({'Content-Length': '14', 'Content-Type': 'application/json; charset=utf-8', 'cache-control': 'no-cache'})</msg>
<msg time="2025-03-10T16:20:30.479854" level="DEBUG">Finished Request</msg>
<msg time="2025-03-10T16:20:30.479928" level="DEBUG">POST http://localhost:63630/session/62c061cb753d9f7df7172999f5b7dcf1/url {'url': 'https://the-internet.herokuapp.com/login'}</msg>
<msg time="2025-03-10T16:20:32.081359" level="DEBUG">http://localhost:63630 "POST /session/62c061cb753d9f7df7172999f5b7dcf1/url HTTP/1.1" 200 0</msg>
<msg time="2025-03-10T16:20:32.081480" level="DEBUG">Remote response: status=200 | data={"value":null} | headers=HTTPHeaderDict({'Content-Length': '14', 'Content-Type': 'application/json; charset=utf-8', 'cache-control': 'no-cache'})</msg>
<msg time="2025-03-10T16:20:32.081560" level="DEBUG">Finished Request</msg>
<msg time="2025-03-10T16:20:32.081626" level="DEBUG">Opened browser with session id 62c061cb753d9f7df7172999f5b7dcf1.</msg>
<msg time="2025-03-10T16:20:32.081682" level="TRACE">Return: 1</msg>
<arg>url=https://the-internet.herokuapp.com/login</arg>
<arg>browser=chrome</arg>
<doc>Opens a new browser instance to the optional ``url``.</doc>
<status status="PASS" start="2025-03-10T16:20:29.323046" elapsed="2.758694"/>
</kw>
<kw name="Login" owner="resourses">
<msg time="2025-03-10T16:20:32.082691" level="TRACE">Arguments: [ ${USERNAME}='tomsmith' | ${PASSWORD}='SuperSecretPassword!' ]</msg>
<kw name="Enter Username" owner="resourses">
<msg time="2025-03-10T16:20:32.083092" level="TRACE">Arguments: [ ${USERNAME}='tomsmith' ]</msg>
<kw name="Input Text" owner="SeleniumLibrary">
<msg time="2025-03-10T16:20:32.083683" level="TRACE">Arguments: [ 'xpath=//input[@id="username"]' | 'tomsmith' ]</msg>
<msg time="2025-03-10T16:20:32.083817" level="INFO">Typing text 'tomsmith' into text field 'xpath=//input[@id="username"]'.</msg>
<msg time="2025-03-10T16:20:32.084060" level="DEBUG">POST http://localhost:63630/session/62c061cb753d9f7df7172999f5b7dcf1/elements {'using': 'xpath', 'value': '//input[@id="username"]'}</msg>
<msg time="2025-03-10T16:20:32.091696" level="DEBUG">http://localhost:63630 "POST /session/62c061cb753d9f7df7172999f5b7dcf1/elements HTTP/1.1" 200 0</msg>
<msg time="2025-03-10T16:20:32.091793" level="DEBUG">Remote response: status=200 | data={"value":[{"element-6066-11e4-a52e-4f735466cecf":"f.5C1852836EF862CF9D61FC9FDF7313E4.d.D9F2B6BABA959661028CB196848A166D.e.3"}]} | headers=HTTPHeaderDict({'Content-Length': '127', 'Content-Type': 'application/json; charset=utf-8', 'cache-control': 'no-cache'})</msg>
<msg time="2025-03-10T16:20:32.091835" level="DEBUG">Finished Request</msg>
<msg time="2025-03-10T16:20:32.091904" level="DEBUG">POST http://localhost:63630/session/62c061cb753d9f7df7172999f5b7dcf1/element/f.5C1852836EF862CF9D61FC9FDF7313E4.d.D9F2B6BABA959661028CB196848A166D.e.3/clear {}</msg>
<msg time="2025-03-10T16:20:32.108685" level="DEBUG">http://localhost:63630 "POST /session/62c061cb753d9f7df7172999f5b7dcf1/element/f.5C1852836EF862CF9D61FC9FDF7313E4.d.D9F2B6BABA959661028CB196848A166D.e.3/clear HTTP/1.1" 200 0</msg>
<msg time="2025-03-10T16:20:32.108778" level="DEBUG">Remote response: status=200 | data={"value":null} | headers=HTTPHeaderDict({'Content-Length': '14', 'Content-Type': 'application/json; charset=utf-8', 'cache-control': 'no-cache'})</msg>
<msg time="2025-03-10T16:20:32.108906" level="DEBUG">Finished Request</msg>
<msg time="2025-03-10T16:20:32.108998" level="DEBUG">POST http://localhost:63630/session/62c061cb753d9f7df7172999f5b7dcf1/element/f.5C1852836EF862CF9D61FC9FDF7313E4.d.D9F2B6BABA959661028CB196848A166D.e.3/value {'text': 'tomsmith', 'value': ['t', 'o', 'm', 's', 'm', 'i', 't', 'h']}</msg>
<msg time="2025-03-10T16:20:32.131654" level="DEBUG">http://localhost:63630 "POST /session/62c061cb753d9f7df7172999f5b7dcf1/element/f.5C1852836EF862CF9D61FC9FDF7313E4.d.D9F2B6BABA959661028CB196848A166D.e.3/value HTTP/1.1" 200 0</msg>
<msg time="2025-03-10T16:20:32.131792" level="DEBUG">Remote response: status=200 | data={"value":null} | headers=HTTPHeaderDict({'Content-Length': '14', 'Content-Type': 'application/json; charset=utf-8', 'cache-control': 'no-cache'})</msg>
<msg time="2025-03-10T16:20:32.131845" level="DEBUG">Finished Request</msg>
<msg time="2025-03-10T16:20:32.131902" level="TRACE">Return: None</msg>
<arg>${USERNAME_INPUT}</arg>
<arg>${USERNAME}</arg>
<doc>Types the given ``text`` into the text field identified by ``locator``.</doc>
<status status="PASS" start="2025-03-10T16:20:32.083238" elapsed="0.048754"/>
</kw>
<msg time="2025-03-10T16:20:32.132108" level="TRACE">Return: None</msg>
<arg>${USERNAME}</arg>
<status status="PASS" start="2025-03-10T16:20:32.082888" elapsed="0.049258"/>
</kw>
<kw name="Enter Password" owner="resourses">
<msg time="2025-03-10T16:20:32.132474" level="TRACE">Arguments: [ ${PASSWORD}='SuperSecretPassword!' ]</msg>
<kw name="Input Text" owner="SeleniumLibrary">
<msg time="2025-03-10T16:20:32.132749" level="TRACE">Arguments: [ 'xpath=//input[@id="password"]' | 'SuperSecretPassword!' ]</msg>
<msg time="2025-03-10T16:20:32.132807" level="INFO">Typing text 'SuperSecretPassword!' into text field 'xpath=//input[@id="password"]'.</msg>
<msg time="2025-03-10T16:20:32.132925" level="DEBUG">POST http://localhost:63630/session/62c061cb753d9f7df7172999f5b7dcf1/elements {'using': 'xpath', 'value': '//input[@id="password"]'}</msg>
<msg time="2025-03-10T16:20:32.140215" level="DEBUG">http://localhost:63630 "POST /session/62c061cb753d9f7df7172999f5b7dcf1/elements HTTP/1.1" 200 0</msg>
<msg time="2025-03-10T16:20:32.140340" level="DEBUG">Remote response: status=200 | data={"value":[{"element-6066-11e4-a52e-4f735466cecf":"f.5C1852836EF862CF9D61FC9FDF7313E4.d.D9F2B6BABA959661028CB196848A166D.e.5"}]} | headers=HTTPHeaderDict({'Content-Length': '127', 'Content-Type': 'application/json; charset=utf-8', 'cache-control': 'no-cache'})</msg>
<msg time="2025-03-10T16:20:32.140402" level="DEBUG">Finished Request</msg>
<msg time="2025-03-10T16:20:32.140485" level="DEBUG">POST http://localhost:63630/session/62c061cb753d9f7df7172999f5b7dcf1/element/f.5C1852836EF862CF9D61FC9FDF7313E4.d.D9F2B6BABA959661028CB196848A166D.e.5/clear {}</msg>
<msg time="2025-03-10T16:20:32.151787" level="DEBUG">http://localhost:63630 "POST /session/62c061cb753d9f7df7172999f5b7dcf1/element/f.5C1852836EF862CF9D61FC9FDF7313E4.d.D9F2B6BABA959661028CB196848A166D.e.5/clear HTTP/1.1" 200 0</msg>
<msg time="2025-03-10T16:20:32.151878" level="DEBUG">Remote response: status=200 | data={"value":null} | headers=HTTPHeaderDict({'Content-Length': '14', 'Content-Type': 'application/json; charset=utf-8', 'cache-control': 'no-cache'})</msg>
<msg time="2025-03-10T16:20:32.151919" level="DEBUG">Finished Request</msg>
<msg time="2025-03-10T16:20:32.151992" level="DEBUG">POST http://localhost:63630/session/62c061cb753d9f7df7172999f5b7dcf1/element/f.5C1852836EF862CF9D61FC9FDF7313E4.d.D9F2B6BABA959661028CB196848A166D.e.5/value {'text': 'SuperSecretPassword!', 'value': ['S', 'u', 'p', 'e', 'r', 'S', 'e', 'c', 'r', 'e', 't', 'P', 'a', 's', 's', 'w', 'o', 'r', 'd', '!']}</msg>
<msg time="2025-03-10T16:20:32.173847" level="DEBUG">http://localhost:63630 "POST /session/62c061cb753d9f7df7172999f5b7dcf1/element/f.5C1852836EF862CF9D61FC9FDF7313E4.d.D9F2B6BABA959661028CB196848A166D.e.5/value HTTP/1.1" 200 0</msg>
<msg time="2025-03-10T16:20:32.173988" level="DEBUG">Remote response: status=200 | data={"value":null} | headers=HTTPHeaderDict({'Content-Length': '14', 'Content-Type': 'application/json; charset=utf-8', 'cache-control': 'no-cache'})</msg>
<msg time="2025-03-10T16:20:32.174082" level="DEBUG">Finished Request</msg>
<msg time="2025-03-10T16:20:32.174140" level="TRACE">Return: None</msg>
<arg>${PASSWORD_INPUT}</arg>
<arg>${PASSWORD}</arg>
<doc>Types the given ``text`` into the text field identified by ``locator``.</doc>
<status status="PASS" start="2025-03-10T16:20:32.132603" elapsed="0.041571"/>
</kw>
<msg time="2025-03-10T16:20:32.174258" level="TRACE">Return: None</msg>
<arg>${PASSWORD}</arg>
<status status="PASS" start="2025-03-10T16:20:32.132297" elapsed="0.041987"/>
</kw>
<kw name="Click Login Button" owner="resourses">
<msg time="2025-03-10T16:20:32.174529" level="TRACE">Arguments: [  ]</msg>
<kw name="Click Element" owner="SeleniumLibrary">
<msg time="2025-03-10T16:20:32.174722" level="TRACE">Arguments: [ 'xpath=//button[@type="submit"]' ]</msg>
<msg time="2025-03-10T16:20:32.174769" level="INFO">Clicking element 'xpath=//button[@type="submit"]'.</msg>
<msg time="2025-03-10T16:20:32.174840" level="DEBUG">POST http://localhost:63630/session/62c061cb753d9f7df7172999f5b7dcf1/elements {'using': 'xpath', 'value': '//button[@type="submit"]'}</msg>
<msg time="2025-03-10T16:20:32.180425" level="DEBUG">http://localhost:63630 "POST /session/62c061cb753d9f7df7172999f5b7dcf1/elements HTTP/1.1" 200 0</msg>
<msg time="2025-03-10T16:20:32.180515" level="DEBUG">Remote response: status=200 | data={"value":[{"element-6066-11e4-a52e-4f735466cecf":"f.5C1852836EF862CF9D61FC9FDF7313E4.d.D9F2B6BABA959661028CB196848A166D.e.6"}]} | headers=HTTPHeaderDict({'Content-Length': '127', 'Content-Type': 'application/json; charset=utf-8', 'cache-control': 'no-cache'})</msg>
<msg time="2025-03-10T16:20:32.180559" level="DEBUG">Finished Request</msg>
<msg time="2025-03-10T16:20:32.180626" level="DEBUG">POST http://localhost:63630/session/62c061cb753d9f7df7172999f5b7dcf1/element/f.5C1852836EF862CF9D61FC9FDF7313E4.d.D9F2B6BABA959661028CB196848A166D.e.6/click {}</msg>
<msg time="2025-03-10T16:20:32.486003" level="DEBUG">http://localhost:63630 "POST /session/62c061cb753d9f7df7172999f5b7dcf1/element/f.5C1852836EF862CF9D61FC9FDF7313E4.d.D9F2B6BABA959661028CB196848A166D.e.6/click HTTP/1.1" 200 0</msg>
<msg time="2025-03-10T16:20:32.486219" level="DEBUG">Remote response: status=200 | data={"value":null} | headers=HTTPHeaderDict({'Content-Length': '14', 'Content-Type': 'application/json; charset=utf-8', 'cache-control': 'no-cache'})</msg>
<msg time="2025-03-10T16:20:32.486309" level="DEBUG">Finished Request</msg>
<msg time="2025-03-10T16:20:32.486365" level="TRACE">Return: None</msg>
<arg>${LOGIN_BTN}</arg>
<doc>Click the element identified by ``locator``.</doc>
<status status="PASS" start="2025-03-10T16:20:32.174622" elapsed="0.311786"/>
</kw>
<msg time="2025-03-10T16:20:32.486487" level="TRACE">Return: None</msg>
<status status="PASS" start="2025-03-10T16:20:32.174404" elapsed="0.312113"/>
</kw>
<msg time="2025-03-10T16:20:32.486572" level="TRACE">Return: None</msg>
<arg>tomsmith</arg>
<arg>SuperSecretPassword!</arg>
<status status="PASS" start="2025-03-10T16:20:32.082400" elapsed="0.404203"/>
</kw>
<kw name="Element Should Contain" owner="SeleniumLibrary">
<msg time="2025-03-10T16:20:32.486994" level="TRACE">Arguments: [ 'id=flash' | 'You logged into a secure area!' ]</msg>
<msg time="2025-03-10T16:20:32.487164" level="DEBUG">POST http://localhost:63630/session/62c061cb753d9f7df7172999f5b7dcf1/elements {'using': 'css selector', 'value': '[id="flash"]'}</msg>
<msg time="2025-03-10T16:20:32.494296" level="DEBUG">http://localhost:63630 "POST /session/62c061cb753d9f7df7172999f5b7dcf1/elements HTTP/1.1" 200 0</msg>
<msg time="2025-03-10T16:20:32.494389" level="DEBUG">Remote response: status=200 | data={"value":[{"element-6066-11e4-a52e-4f735466cecf":"f.5C1852836EF862CF9D61FC9FDF7313E4.d.0774168453F4DCCF7942F500C9922D00.e.13"}]} | headers=HTTPHeaderDict({'Content-Length': '128', 'Content-Type': 'application/json; charset=utf-8', 'cache-control': 'no-cache'})</msg>
<msg time="2025-03-10T16:20:32.494508" level="DEBUG">Finished Request</msg>
<msg time="2025-03-10T16:20:32.494615" level="DEBUG">GET http://localhost:63630/session/62c061cb753d9f7df7172999f5b7dcf1/element/f.5C1852836EF862CF9D61FC9FDF7313E4.d.0774168453F4DCCF7942F500C9922D00.e.13/text {}</msg>
<msg time="2025-03-10T16:20:32.502424" level="DEBUG">http://localhost:63630 "GET /session/62c061cb753d9f7df7172999f5b7dcf1/element/f.5C1852836EF862CF9D61FC9FDF7313E4.d.0774168453F4DCCF7942F500C9922D00.e.13/text HTTP/1.1" 200 0</msg>
<msg time="2025-03-10T16:20:32.502524" level="DEBUG">Remote response: status=200 | data={"value":"You logged into a secure area!\n×"} | headers=HTTPHeaderDict({'Content-Length': '46', 'Content-Type': 'application/json; charset=utf-8', 'cache-control': 'no-cache'})</msg>
<msg time="2025-03-10T16:20:32.502621" level="DEBUG">Finished Request</msg>
<msg time="2025-03-10T16:20:32.502680" level="INFO">Element 'id=flash' contains text 'You logged into a secure area!'.</msg>
<msg time="2025-03-10T16:20:32.502733" level="TRACE">Return: None</msg>
<arg>id=flash</arg>
<arg>You logged into a secure area!</arg>
<doc>Verifies that element ``locator`` contains text ``expected``.</doc>
<status status="PASS" start="2025-03-10T16:20:32.486842" elapsed="0.015938"/>
</kw>
<kw name="Get Flash Message Text" owner="resourses">
<msg time="2025-03-10T16:20:32.503140" level="TRACE">Arguments: [  ]</msg>
<kw name="Get Text" owner="SeleniumLibrary">
<msg time="2025-03-10T16:20:32.503303" level="TRACE">Arguments: [ 'xpath=//div[@id="flash"]' ]</msg>
<msg time="2025-03-10T16:20:32.503403" level="DEBUG">POST http://localhost:63630/session/62c061cb753d9f7df7172999f5b7dcf1/elements {'using': 'xpath', 'value': '//div[@id="flash"]'}</msg>
<msg time="2025-03-10T16:20:32.508791" level="DEBUG">http://localhost:63630 "POST /session/62c061cb753d9f7df7172999f5b7dcf1/elements HTTP/1.1" 200 0</msg>
<msg time="2025-03-10T16:20:32.508880" level="DEBUG">Remote response: status=200 | data={"value":[{"element-6066-11e4-a52e-4f735466cecf":"f.5C1852836EF862CF9D61FC9FDF7313E4.d.0774168453F4DCCF7942F500C9922D00.e.13"}]} | headers=HTTPHeaderDict({'Content-Length': '128', 'Content-Type': 'application/json; charset=utf-8', 'cache-control': 'no-cache'})</msg>
<msg time="2025-03-10T16:20:32.508925" level="DEBUG">Finished Request</msg>
<msg time="2025-03-10T16:20:32.508995" level="DEBUG">GET http://localhost:63630/session/62c061cb753d9f7df7172999f5b7dcf1/element/f.5C1852836EF862CF9D61FC9FDF7313E4.d.0774168453F4DCCF7942F500C9922D00.e.13/text {}</msg>
<msg time="2025-03-10T16:20:32.512465" level="DEBUG">http://localhost:63630 "GET /session/62c061cb753d9f7df7172999f5b7dcf1/element/f.5C1852836EF862CF9D61FC9FDF7313E4.d.0774168453F4DCCF7942F500C9922D00.e.13/text HTTP/1.1" 200 0</msg>
<msg time="2025-03-10T16:20:32.512543" level="DEBUG">Remote response: status=200 | data={"value":"You logged into a secure area!\n×"} | headers=HTTPHeaderDict({'Content-Length': '46', 'Content-Type': 'application/json; charset=utf-8', 'cache-control': 'no-cache'})</msg>
<msg time="2025-03-10T16:20:32.512615" level="DEBUG">Finished Request</msg>
<msg time="2025-03-10T16:20:32.512657" level="TRACE">Return: 'You logged into a secure area!\n×'</msg>
<msg time="2025-03-10T16:20:32.512728" level="INFO">${text} = You logged into a secure area!
×</msg>
<var>${text}</var>
<arg>${FLASH_MESSAGE}</arg>
<doc>Returns the text value of the element identified by ``locator``.</doc>
<status status="PASS" start="2025-03-10T16:20:32.503212" elapsed="0.009534"/>
</kw>
<return>
<value>${text}</value>
<status status="PASS" start="2025-03-10T16:20:32.512806" elapsed="0.000048"/>
</return>
<msg time="2025-03-10T16:20:32.512964" level="TRACE">Return: 'You logged into a secure area!\n×'</msg>
<msg time="2025-03-10T16:20:32.513077" level="INFO">${test} = You logged into a secure area!
×</msg>
<var>${test}</var>
<status status="PASS" start="2025-03-10T16:20:32.503038" elapsed="0.010071"/>
</kw>
<kw name="Log" owner="BuiltIn">
<msg time="2025-03-10T16:20:32.513417" level="TRACE">Arguments: [ 'You logged into a secure area!\n×' ]</msg>
<msg time="2025-03-10T16:20:32.513471" level="INFO">You logged into a secure area!
×</msg>
<msg time="2025-03-10T16:20:32.513496" level="TRACE">Return: None</msg>
<arg>${test}</arg>
<doc>Logs the given message with the given level.</doc>
<status status="PASS" start="2025-03-10T16:20:32.513304" elapsed="0.000214"/>
</kw>
<kw name="Should Contain" owner="BuiltIn">
<msg time="2025-03-10T16:20:32.513738" level="TRACE">Arguments: [ 'You logged into a secure area!\n×' | 'You logged into a secure area!' ]</msg>
<msg time="2025-03-10T16:20:32.513786" level="TRACE">Return: None</msg>
<arg>${test}</arg>
<arg>You logged into a secure area!</arg>
<doc>Fails if ``container`` does not contain ``item`` one or more times.</doc>
<status status="PASS" start="2025-03-10T16:20:32.513665" elapsed="0.000141"/>
</kw>
<kw name="Should Contain" owner="BuiltIn">
<msg time="2025-03-10T16:20:32.513964" level="TRACE">Arguments: [ 'resourses.Get Flash Message Text' | 'You logged into a secure area!' ]</msg>
<msg time="2025-03-10T16:20:32.514051" level="FAIL">'resourses.Get Flash Message Text' does not contain 'You logged into a secure area!'</msg>
<msg time="2025-03-10T16:20:32.514215" level="DEBUG">Traceback (most recent call last):
  None
AssertionError: 'resourses.Get Flash Message Text' does not contain 'You logged into a secure area!'</msg>
<arg>resourses.Get Flash Message Text</arg>
<arg>You logged into a secure area!</arg>
<doc>Fails if ``container`` does not contain ``item`` one or more times.</doc>
<status status="FAIL" start="2025-03-10T16:20:32.513918" elapsed="0.000326">'resourses.Get Flash Message Text' does not contain 'You logged into a secure area!'</status>
</kw>
<kw name="Click Logout Button" owner="resourses">
<status status="NOT RUN" start="2025-03-10T16:20:32.514419" elapsed="0.000025"/>
</kw>
<kw name="Close Browser" owner="SeleniumLibrary" type="TEARDOWN">
<msg time="2025-03-10T16:20:32.514688" level="TRACE">Arguments: [  ]</msg>
<msg time="2025-03-10T16:20:32.514730" level="DEBUG">Closing browser with session id 62c061cb753d9f7df7172999f5b7dcf1.</msg>
<msg time="2025-03-10T16:20:32.514791" level="DEBUG">DELETE http://localhost:63630/session/62c061cb753d9f7df7172999f5b7dcf1 {}</msg>
<msg time="2025-03-10T16:20:32.534209" level="DEBUG">http://localhost:63630 "DELETE /session/62c061cb753d9f7df7172999f5b7dcf1 HTTP/1.1" 200 0</msg>
<msg time="2025-03-10T16:20:32.534390" level="DEBUG">Remote response: status=200 | data={"value":null} | headers=HTTPHeaderDict({'Content-Length': '14', 'Content-Type': 'application/json; charset=utf-8', 'cache-control': 'no-cache'})</msg>
<msg time="2025-03-10T16:20:32.534476" level="DEBUG">Finished Request</msg>
<msg time="2025-03-10T16:20:34.573109" level="TRACE">Return: None</msg>
<doc>Closes the current browser.</doc>
<status status="PASS" start="2025-03-10T16:20:32.514647" elapsed="2.058538"/>
</kw>
<status status="FAIL" start="2025-03-10T16:20:29.322170" elapsed="5.251219">'resourses.Get Flash Message Text' does not contain 'You logged into a secure area!'</status>
</test>
<doc>This is my first test case</doc>
<status status="FAIL" start="2025-03-10T16:20:29.159801" elapsed="5.414123"/>
</suite>
<statistics>
<total>
<stat pass="0" fail="1" skip="0">All Tests</stat>
</total>
<tag>
</tag>
<suite>
<stat name="Test" id="s1" pass="0" fail="1" skip="0">Test</stat>
</suite>
</statistics>
<errors>
</errors>
</robot>
