<?xml version="1.0" encoding="UTF-8"?>
<robot generator="Robot 7.2.2 (Python 3.13.2 on win32)" generated="2025-03-10T17:12:06.899109" rpa="false" schemaversion="5">
<suite id="s1" name="Test" source="E:\robotframework\Tests\test.robot">
<kw name="Set Headless Mode" owner="browserOptions" type="SETUP">
<msg time="2025-03-10T17:12:07.071842" level="TRACE">Arguments: [  ]</msg>
<kw name="Evaluate" owner="BuiltIn">
<msg time="2025-03-10T17:12:07.072295" level="TRACE">Arguments: [ 'selenium.webdriver.ChromeOptions()' ]</msg>
<msg time="2025-03-10T17:12:07.072422" level="TRACE">Return: &lt;selenium.webdriver.chrome.options.Options object at 0x0000015107DC6F90&gt;</msg>
<msg time="2025-03-10T17:12:07.072485" level="INFO">${options} = &lt;selenium.webdriver.chrome.options.Options object at 0x0000015107DC6F90&gt;</msg>
<var>${options}</var>
<arg>selenium.webdriver.ChromeOptions()</arg>
<doc>Evaluates the given expression in Python and returns the result.</doc>
<status status="PASS" start="2025-03-10T17:12:07.072231" elapsed="0.000274"/>
</kw>
<kw name="Call Method" owner="BuiltIn">
<msg time="2025-03-10T17:12:07.072668" level="TRACE">Arguments: [ &lt;selenium.webdriver.chrome.options.Options object at 0x0000015107DC6F90&gt; | 'add_argument' | '--headless' ]</msg>
<msg time="2025-03-10T17:12:07.072721" level="TRACE">Return: None</msg>
<arg>${options}</arg>
<arg>add_argument</arg>
<arg>--headless</arg>
<doc>Calls the named method of the given object with the provided arguments.</doc>
<status status="PASS" start="2025-03-10T17:12:07.072604" elapsed="0.000140"/>
</kw>
<kw name="Call Method" owner="BuiltIn">
<msg time="2025-03-10T17:12:07.072868" level="TRACE">Arguments: [ &lt;selenium.webdriver.chrome.options.Options object at 0x0000015107DC6F90&gt; | 'add_argument' | '--disable-gpu' ]</msg>
<msg time="2025-03-10T17:12:07.072910" level="TRACE">Return: None</msg>
<arg>${options}</arg>
<arg>add_argument</arg>
<arg>--disable-gpu</arg>
<doc>Calls the named method of the given object with the provided arguments.</doc>
<status status="PASS" start="2025-03-10T17:12:07.072813" elapsed="0.000117"/>
</kw>
<kw name="Set Suite Variable" owner="BuiltIn">
<msg time="2025-03-10T17:12:07.073027" level="TRACE">Arguments: [ '${BROWSER_OPTIONS}' | '${options}' ]</msg>
<msg time="2025-03-10T17:12:07.073117" level="INFO">${BROWSER_OPTIONS} = &lt;selenium.webdriver.chrome.options.Options object at 0x0000015107DC6F90&gt;</msg>
<msg time="2025-03-10T17:12:07.073134" level="TRACE">Return: None</msg>
<arg>${BROWSER_OPTIONS}</arg>
<arg>${options}</arg>
<doc>Makes a variable available everywhere within the scope of the current suite.</doc>
<status status="PASS" start="2025-03-10T17:12:07.073002" elapsed="0.000147"/>
</kw>
<msg time="2025-03-10T17:12:07.073182" level="TRACE">Return: None</msg>
<status status="PASS" start="2025-03-10T17:12:07.071747" elapsed="0.001452"/>
</kw>
<test id="s1-t1" name=" TEST1" line="14">
<kw name="Open Browser" owner="SeleniumLibrary" type="SETUP">
<msg time="2025-03-10T17:12:07.073647" level="TRACE">Arguments: [ url='https://the-internet.herokuapp.com/login' | browser='chrome' | options=&lt;selenium.webdriver.chrome.options.Options object at 0x0000015107DC6F90&gt; ]</msg>
<msg time="2025-03-10T17:12:07.073730" level="INFO">Opening browser 'chrome' to base url 'https://the-internet.herokuapp.com/login'.</msg>
<msg time="2025-03-10T17:12:07.075000" level="DEBUG">Selenium Manager binary found at: E:\python313\Lib\site-packages\selenium\webdriver\common\windows\selenium-manager.exe</msg>
<msg time="2025-03-10T17:12:07.075074" level="DEBUG">Executing process: E:\python313\Lib\site-packages\selenium\webdriver\common\windows\selenium-manager.exe --browser chrome --language-binding python --output json</msg>
<msg time="2025-03-10T17:12:07.524710" level="DEBUG">Driver path: C:\Users\Alexander\.cache\selenium\chromedriver\win64\133.0.6943.141\chromedriver.exe</msg>
<msg time="2025-03-10T17:12:07.524790" level="DEBUG">Browser path: C:\Program Files\Google\Chrome\Application\chrome.exe</msg>
<msg time="2025-03-10T17:12:07.527565" level="DEBUG">Started executable: `C:\Users\Alexander\.cache\selenium\chromedriver\win64\133.0.6943.141\chromedriver.exe` in a child process with pid: 21496 using 0 to output -3</msg>
<msg time="2025-03-10T17:12:08.032044" level="DEBUG">POST http://localhost:49394/session {'capabilities': {'firstMatch': [{}], 'alwaysMatch': {'browserName': 'chrome', 'pageLoadStrategy': &lt;PageLoadStrategy.normal: 'normal'&gt;, 'browserVersion': None, 'goog:chromeOptions': {'extensions': [], 'binary': 'C:\\Program Files\\Google\\Chrome\\Application\\chrome.exe', 'args': ['--headless', '--disable-gpu']}}}}</msg>
<msg time="2025-03-10T17:12:08.032367" level="DEBUG">Starting new HTTP connection (1): localhost:49394</msg>
<msg time="2025-03-10T17:12:08.507112" level="DEBUG">http://localhost:49394 "POST /session HTTP/1.1" 200 0</msg>
<msg time="2025-03-10T17:12:08.507210" level="DEBUG">Remote response: status=200 | data={"value":{"capabilities":{"acceptInsecureCerts":false,"browserName":"chrome","browserVersion":"133.0.6943.142","chrome":{"chromedriverVersion":"133.0.6943.141 (2a5d6da0d6165d7b107502095a937fe7704fcef6-refs/branch-heads/6943@{#1912})","userDataDir":"C:\\Users\\ALEXAN~1\\AppData\\Local\\Temp\\scoped_dir21496_1558456506"},"fedcm:accounts":true,"goog:chromeOptions":{"debuggerAddress":"localhost:49401"},"networkConnectionEnabled":false,"pageLoadStrategy":"normal","platformName":"windows","proxy":{},"setWindowRect":true,"strictFileInteractability":false,"timeouts":{"implicit":0,"pageLoad":300000,"script":30000},"unhandledPromptBehavior":"dismiss and notify","webauthn:extension:credBlob":true,"webauthn:extension:largeBlob":true,"webauthn:extension:minPinLength":true,"webauthn:extension:prf":true,"webauthn:virtualAuthenticators":true},"sessionId":"66106061059f47e8a21bd9730e9730e2"}} | headers=HTTPHeaderDict({'Content-Length': '887', 'Content-Type': 'application/json; charset=utf-8', 'cache-control': 'no-cache'})</msg>
<msg time="2025-03-10T17:12:08.507264" level="DEBUG">Finished Request</msg>
<msg time="2025-03-10T17:12:08.507358" level="DEBUG">POST http://localhost:49394/session/66106061059f47e8a21bd9730e9730e2/timeouts {'script': 5000}</msg>
<msg time="2025-03-10T17:12:08.507846" level="DEBUG">http://localhost:49394 "POST /session/66106061059f47e8a21bd9730e9730e2/timeouts HTTP/1.1" 200 0</msg>
<msg time="2025-03-10T17:12:08.507910" level="DEBUG">Remote response: status=200 | data={"value":null} | headers=HTTPHeaderDict({'Content-Length': '14', 'Content-Type': 'application/json; charset=utf-8', 'cache-control': 'no-cache'})</msg>
<msg time="2025-03-10T17:12:08.507947" level="DEBUG">Finished Request</msg>
<msg time="2025-03-10T17:12:08.508000" level="DEBUG">POST http://localhost:49394/session/66106061059f47e8a21bd9730e9730e2/timeouts {'implicit': 0}</msg>
<msg time="2025-03-10T17:12:08.508350" level="DEBUG">http://localhost:49394 "POST /session/66106061059f47e8a21bd9730e9730e2/timeouts HTTP/1.1" 200 0</msg>
<msg time="2025-03-10T17:12:08.508404" level="DEBUG">Remote response: status=200 | data={"value":null} | headers=HTTPHeaderDict({'Content-Length': '14', 'Content-Type': 'application/json; charset=utf-8', 'cache-control': 'no-cache'})</msg>
<msg time="2025-03-10T17:12:08.508438" level="DEBUG">Finished Request</msg>
<msg time="2025-03-10T17:12:08.508485" level="DEBUG">POST http://localhost:49394/session/66106061059f47e8a21bd9730e9730e2/timeouts {'pageLoad': 300000}</msg>
<msg time="2025-03-10T17:12:08.508817" level="DEBUG">http://localhost:49394 "POST /session/66106061059f47e8a21bd9730e9730e2/timeouts HTTP/1.1" 200 0</msg>
<msg time="2025-03-10T17:12:08.508868" level="DEBUG">Remote response: status=200 | data={"value":null} | headers=HTTPHeaderDict({'Content-Length': '14', 'Content-Type': 'application/json; charset=utf-8', 'cache-control': 'no-cache'})</msg>
<msg time="2025-03-10T17:12:08.508901" level="DEBUG">Finished Request</msg>
<msg time="2025-03-10T17:12:08.508951" level="DEBUG">POST http://localhost:49394/session/66106061059f47e8a21bd9730e9730e2/url {'url': 'https://the-internet.herokuapp.com/login'}</msg>
<msg time="2025-03-10T17:12:10.146535" level="DEBUG">http://localhost:49394 "POST /session/66106061059f47e8a21bd9730e9730e2/url HTTP/1.1" 200 0</msg>
<msg time="2025-03-10T17:12:10.146632" level="DEBUG">Remote response: status=200 | data={"value":null} | headers=HTTPHeaderDict({'Content-Length': '14', 'Content-Type': 'application/json; charset=utf-8', 'cache-control': 'no-cache'})</msg>
<msg time="2025-03-10T17:12:10.146676" level="DEBUG">Finished Request</msg>
<msg time="2025-03-10T17:12:10.146703" level="DEBUG">Opened browser with session id 66106061059f47e8a21bd9730e9730e2.</msg>
<msg time="2025-03-10T17:12:10.146731" level="TRACE">Return: 1</msg>
<arg>url=https://the-internet.herokuapp.com/login</arg>
<arg>browser=chrome</arg>
<arg>options=${BROWSER_OPTIONS}</arg>
<doc>Opens a new browser instance to the optional ``url``.</doc>
<status status="PASS" start="2025-03-10T17:12:07.073472" elapsed="3.073296"/>
</kw>
<kw name="Login" owner="resourses">
<msg time="2025-03-10T17:12:10.147214" level="TRACE">Arguments: [ ${USERNAME}='tomsmith' | ${PASSWORD}='SuperSecretPassword!' ]</msg>
<kw name="Enter Username" owner="resourses">
<msg time="2025-03-10T17:12:10.147415" level="TRACE">Arguments: [ ${USERNAME}='tomsmith' ]</msg>
<kw name="Input Text" owner="SeleniumLibrary">
<msg time="2025-03-10T17:12:10.147686" level="TRACE">Arguments: [ 'xpath=//input[@id="username"]' | 'tomsmith' ]</msg>
<msg time="2025-03-10T17:12:10.147769" level="INFO">Typing text 'tomsmith' into text field 'xpath=//input[@id="username"]'.</msg>
<msg time="2025-03-10T17:12:10.147919" level="DEBUG">POST http://localhost:49394/session/66106061059f47e8a21bd9730e9730e2/elements {'using': 'xpath', 'value': '//input[@id="username"]'}</msg>
<msg time="2025-03-10T17:12:10.154540" level="DEBUG">http://localhost:49394 "POST /session/66106061059f47e8a21bd9730e9730e2/elements HTTP/1.1" 200 0</msg>
<msg time="2025-03-10T17:12:10.154636" level="DEBUG">Remote response: status=200 | data={"value":[{"element-6066-11e4-a52e-4f735466cecf":"f.B40736811A87C7C5D2B884D710F3AC11.d.995C234217ED9F04CB01CC38FB9B3BAD.e.3"}]} | headers=HTTPHeaderDict({'Content-Length': '127', 'Content-Type': 'application/json; charset=utf-8', 'cache-control': 'no-cache'})</msg>
<msg time="2025-03-10T17:12:10.154713" level="DEBUG">Finished Request</msg>
<msg time="2025-03-10T17:12:10.154819" level="DEBUG">POST http://localhost:49394/session/66106061059f47e8a21bd9730e9730e2/element/f.B40736811A87C7C5D2B884D710F3AC11.d.995C234217ED9F04CB01CC38FB9B3BAD.e.3/clear {}</msg>
<msg time="2025-03-10T17:12:10.171851" level="DEBUG">http://localhost:49394 "POST /session/66106061059f47e8a21bd9730e9730e2/element/f.B40736811A87C7C5D2B884D710F3AC11.d.995C234217ED9F04CB01CC38FB9B3BAD.e.3/clear HTTP/1.1" 200 0</msg>
<msg time="2025-03-10T17:12:10.171966" level="DEBUG">Remote response: status=200 | data={"value":null} | headers=HTTPHeaderDict({'Content-Length': '14', 'Content-Type': 'application/json; charset=utf-8', 'cache-control': 'no-cache'})</msg>
<msg time="2025-03-10T17:12:10.172031" level="DEBUG">Finished Request</msg>
<msg time="2025-03-10T17:12:10.172145" level="DEBUG">POST http://localhost:49394/session/66106061059f47e8a21bd9730e9730e2/element/f.B40736811A87C7C5D2B884D710F3AC11.d.995C234217ED9F04CB01CC38FB9B3BAD.e.3/value {'text': 'tomsmith', 'value': ['t', 'o', 'm', 's', 'm', 'i', 't', 'h']}</msg>
<msg time="2025-03-10T17:12:10.197183" level="DEBUG">http://localhost:49394 "POST /session/66106061059f47e8a21bd9730e9730e2/element/f.B40736811A87C7C5D2B884D710F3AC11.d.995C234217ED9F04CB01CC38FB9B3BAD.e.3/value HTTP/1.1" 200 0</msg>
<msg time="2025-03-10T17:12:10.197272" level="DEBUG">Remote response: status=200 | data={"value":null} | headers=HTTPHeaderDict({'Content-Length': '14', 'Content-Type': 'application/json; charset=utf-8', 'cache-control': 'no-cache'})</msg>
<msg time="2025-03-10T17:12:10.197313" level="DEBUG">Finished Request</msg>
<msg time="2025-03-10T17:12:10.197352" level="TRACE">Return: None</msg>
<arg>${USERNAME_INPUT}</arg>
<arg>${USERNAME}</arg>
<doc>Types the given ``text`` into the text field identified by ``locator``.</doc>
<status status="PASS" start="2025-03-10T17:12:10.147493" elapsed="0.049889"/>
</kw>
<msg time="2025-03-10T17:12:10.197450" level="TRACE">Return: None</msg>
<arg>${USERNAME}</arg>
<status status="PASS" start="2025-03-10T17:12:10.147328" elapsed="0.050141"/>
</kw>
<kw name="Enter Password" owner="resourses">
<msg time="2025-03-10T17:12:10.197754" level="TRACE">Arguments: [ ${PASSWORD}='SuperSecretPassword!' ]</msg>
<kw name="Input Text" owner="SeleniumLibrary">
<msg time="2025-03-10T17:12:10.197975" level="TRACE">Arguments: [ 'xpath=//input[@id="password"]' | 'SuperSecretPassword!' ]</msg>
<msg time="2025-03-10T17:12:10.198025" level="INFO">Typing text 'SuperSecretPassword!' into text field 'xpath=//input[@id="password"]'.</msg>
<msg time="2025-03-10T17:12:10.198121" level="DEBUG">POST http://localhost:49394/session/66106061059f47e8a21bd9730e9730e2/elements {'using': 'xpath', 'value': '//input[@id="password"]'}</msg>
<msg time="2025-03-10T17:12:10.203617" level="DEBUG">http://localhost:49394 "POST /session/66106061059f47e8a21bd9730e9730e2/elements HTTP/1.1" 200 0</msg>
<msg time="2025-03-10T17:12:10.203720" level="DEBUG">Remote response: status=200 | data={"value":[{"element-6066-11e4-a52e-4f735466cecf":"f.B40736811A87C7C5D2B884D710F3AC11.d.995C234217ED9F04CB01CC38FB9B3BAD.e.5"}]} | headers=HTTPHeaderDict({'Content-Length': '127', 'Content-Type': 'application/json; charset=utf-8', 'cache-control': 'no-cache'})</msg>
<msg time="2025-03-10T17:12:10.203777" level="DEBUG">Finished Request</msg>
<msg time="2025-03-10T17:12:10.203848" level="DEBUG">POST http://localhost:49394/session/66106061059f47e8a21bd9730e9730e2/element/f.B40736811A87C7C5D2B884D710F3AC11.d.995C234217ED9F04CB01CC38FB9B3BAD.e.5/clear {}</msg>
<msg time="2025-03-10T17:12:10.214495" level="DEBUG">http://localhost:49394 "POST /session/66106061059f47e8a21bd9730e9730e2/element/f.B40736811A87C7C5D2B884D710F3AC11.d.995C234217ED9F04CB01CC38FB9B3BAD.e.5/clear HTTP/1.1" 200 0</msg>
<msg time="2025-03-10T17:12:10.214584" level="DEBUG">Remote response: status=200 | data={"value":null} | headers=HTTPHeaderDict({'Content-Length': '14', 'Content-Type': 'application/json; charset=utf-8', 'cache-control': 'no-cache'})</msg>
<msg time="2025-03-10T17:12:10.214628" level="DEBUG">Finished Request</msg>
<msg time="2025-03-10T17:12:10.214703" level="DEBUG">POST http://localhost:49394/session/66106061059f47e8a21bd9730e9730e2/element/f.B40736811A87C7C5D2B884D710F3AC11.d.995C234217ED9F04CB01CC38FB9B3BAD.e.5/value {'text': 'SuperSecretPassword!', 'value': ['S', 'u', 'p', 'e', 'r', 'S', 'e', 'c', 'r', 'e', 't', 'P', 'a', 's', 's', 'w', 'o', 'r', 'd', '!']}</msg>
<msg time="2025-03-10T17:12:10.236501" level="DEBUG">http://localhost:49394 "POST /session/66106061059f47e8a21bd9730e9730e2/element/f.B40736811A87C7C5D2B884D710F3AC11.d.995C234217ED9F04CB01CC38FB9B3BAD.e.5/value HTTP/1.1" 200 0</msg>
<msg time="2025-03-10T17:12:10.236589" level="DEBUG">Remote response: status=200 | data={"value":null} | headers=HTTPHeaderDict({'Content-Length': '14', 'Content-Type': 'application/json; charset=utf-8', 'cache-control': 'no-cache'})</msg>
<msg time="2025-03-10T17:12:10.236629" level="DEBUG">Finished Request</msg>
<msg time="2025-03-10T17:12:10.236664" level="TRACE">Return: None</msg>
<arg>${PASSWORD_INPUT}</arg>
<arg>${PASSWORD}</arg>
<doc>Types the given ``text`` into the text field identified by ``locator``.</doc>
<status status="PASS" start="2025-03-10T17:12:10.197863" elapsed="0.038833"/>
</kw>
<msg time="2025-03-10T17:12:10.236754" level="TRACE">Return: None</msg>
<arg>${PASSWORD}</arg>
<status status="PASS" start="2025-03-10T17:12:10.197579" elapsed="0.039193"/>
</kw>
<kw name="Click Login Button" owner="resourses">
<msg time="2025-03-10T17:12:10.236976" level="TRACE">Arguments: [  ]</msg>
<kw name="Click Element" owner="SeleniumLibrary">
<msg time="2025-03-10T17:12:10.237136" level="TRACE">Arguments: [ 'xpath=//button[@type="submit"]' ]</msg>
<msg time="2025-03-10T17:12:10.237181" level="INFO">Clicking element 'xpath=//button[@type="submit"]'.</msg>
<msg time="2025-03-10T17:12:10.237321" level="DEBUG">POST http://localhost:49394/session/66106061059f47e8a21bd9730e9730e2/elements {'using': 'xpath', 'value': '//button[@type="submit"]'}</msg>
<msg time="2025-03-10T17:12:10.243085" level="DEBUG">http://localhost:49394 "POST /session/66106061059f47e8a21bd9730e9730e2/elements HTTP/1.1" 200 0</msg>
<msg time="2025-03-10T17:12:10.243178" level="DEBUG">Remote response: status=200 | data={"value":[{"element-6066-11e4-a52e-4f735466cecf":"f.B40736811A87C7C5D2B884D710F3AC11.d.995C234217ED9F04CB01CC38FB9B3BAD.e.6"}]} | headers=HTTPHeaderDict({'Content-Length': '127', 'Content-Type': 'application/json; charset=utf-8', 'cache-control': 'no-cache'})</msg>
<msg time="2025-03-10T17:12:10.243225" level="DEBUG">Finished Request</msg>
<msg time="2025-03-10T17:12:10.243295" level="DEBUG">POST http://localhost:49394/session/66106061059f47e8a21bd9730e9730e2/element/f.B40736811A87C7C5D2B884D710F3AC11.d.995C234217ED9F04CB01CC38FB9B3BAD.e.6/click {}</msg>
<msg time="2025-03-10T17:12:10.547733" level="DEBUG">http://localhost:49394 "POST /session/66106061059f47e8a21bd9730e9730e2/element/f.B40736811A87C7C5D2B884D710F3AC11.d.995C234217ED9F04CB01CC38FB9B3BAD.e.6/click HTTP/1.1" 200 0</msg>
<msg time="2025-03-10T17:12:10.547872" level="DEBUG">Remote response: status=200 | data={"value":null} | headers=HTTPHeaderDict({'Content-Length': '14', 'Content-Type': 'application/json; charset=utf-8', 'cache-control': 'no-cache'})</msg>
<msg time="2025-03-10T17:12:10.547944" level="DEBUG">Finished Request</msg>
<msg time="2025-03-10T17:12:10.547993" level="TRACE">Return: None</msg>
<arg>${LOGIN_BTN}</arg>
<doc>Click the element identified by ``locator``.</doc>
<status status="PASS" start="2025-03-10T17:12:10.237049" elapsed="0.310982"/>
</kw>
<msg time="2025-03-10T17:12:10.548106" level="TRACE">Return: None</msg>
<status status="PASS" start="2025-03-10T17:12:10.236879" elapsed="0.311270"/>
</kw>
<msg time="2025-03-10T17:12:10.548196" level="TRACE">Return: None</msg>
<arg>tomsmith</arg>
<arg>SuperSecretPassword!</arg>
<status status="PASS" start="2025-03-10T17:12:10.147068" elapsed="0.401156"/>
</kw>
<kw name="Element Should Contain" owner="SeleniumLibrary">
<msg time="2025-03-10T17:12:10.548541" level="TRACE">Arguments: [ 'id=flash' | 'You logged into a secure area!' ]</msg>
<msg time="2025-03-10T17:12:10.548660" level="DEBUG">POST http://localhost:49394/session/66106061059f47e8a21bd9730e9730e2/elements {'using': 'css selector', 'value': '[id="flash"]'}</msg>
<msg time="2025-03-10T17:12:10.555395" level="DEBUG">http://localhost:49394 "POST /session/66106061059f47e8a21bd9730e9730e2/elements HTTP/1.1" 200 0</msg>
<msg time="2025-03-10T17:12:10.555476" level="DEBUG">Remote response: status=200 | data={"value":[{"element-6066-11e4-a52e-4f735466cecf":"f.B40736811A87C7C5D2B884D710F3AC11.d.F6D099F8CA5E7DA3F212373B977C1FAD.e.14"}]} | headers=HTTPHeaderDict({'Content-Length': '128', 'Content-Type': 'application/json; charset=utf-8', 'cache-control': 'no-cache'})</msg>
<msg time="2025-03-10T17:12:10.555517" level="DEBUG">Finished Request</msg>
<msg time="2025-03-10T17:12:10.555580" level="DEBUG">GET http://localhost:49394/session/66106061059f47e8a21bd9730e9730e2/element/f.B40736811A87C7C5D2B884D710F3AC11.d.F6D099F8CA5E7DA3F212373B977C1FAD.e.14/text {}</msg>
<msg time="2025-03-10T17:12:10.561991" level="DEBUG">http://localhost:49394 "GET /session/66106061059f47e8a21bd9730e9730e2/element/f.B40736811A87C7C5D2B884D710F3AC11.d.F6D099F8CA5E7DA3F212373B977C1FAD.e.14/text HTTP/1.1" 200 0</msg>
<msg time="2025-03-10T17:12:10.562080" level="DEBUG">Remote response: status=200 | data={"value":"You logged into a secure area!\n×"} | headers=HTTPHeaderDict({'Content-Length': '46', 'Content-Type': 'application/json; charset=utf-8', 'cache-control': 'no-cache'})</msg>
<msg time="2025-03-10T17:12:10.562128" level="DEBUG">Finished Request</msg>
<msg time="2025-03-10T17:12:10.562157" level="INFO">Element 'id=flash' contains text 'You logged into a secure area!'.</msg>
<msg time="2025-03-10T17:12:10.562186" level="TRACE">Return: None</msg>
<arg>id=flash</arg>
<arg>You logged into a secure area!</arg>
<doc>Verifies that element ``locator`` contains text ``expected``.</doc>
<status status="PASS" start="2025-03-10T17:12:10.548424" elapsed="0.013794"/>
</kw>
<kw name="Get Flash Message Text" owner="resourses">
<msg time="2025-03-10T17:12:10.562622" level="TRACE">Arguments: [  ]</msg>
<kw name="Get Text" owner="SeleniumLibrary">
<msg time="2025-03-10T17:12:10.562829" level="TRACE">Arguments: [ 'xpath=//div[@id="flash"]' ]</msg>
<msg time="2025-03-10T17:12:10.562964" level="DEBUG">POST http://localhost:49394/session/66106061059f47e8a21bd9730e9730e2/elements {'using': 'xpath', 'value': '//div[@id="flash"]'}</msg>
<msg time="2025-03-10T17:12:10.568090" level="DEBUG">http://localhost:49394 "POST /session/66106061059f47e8a21bd9730e9730e2/elements HTTP/1.1" 200 0</msg>
<msg time="2025-03-10T17:12:10.568172" level="DEBUG">Remote response: status=200 | data={"value":[{"element-6066-11e4-a52e-4f735466cecf":"f.B40736811A87C7C5D2B884D710F3AC11.d.F6D099F8CA5E7DA3F212373B977C1FAD.e.14"}]} | headers=HTTPHeaderDict({'Content-Length': '128', 'Content-Type': 'application/json; charset=utf-8', 'cache-control': 'no-cache'})</msg>
<msg time="2025-03-10T17:12:10.568212" level="DEBUG">Finished Request</msg>
<msg time="2025-03-10T17:12:10.568274" level="DEBUG">GET http://localhost:49394/session/66106061059f47e8a21bd9730e9730e2/element/f.B40736811A87C7C5D2B884D710F3AC11.d.F6D099F8CA5E7DA3F212373B977C1FAD.e.14/text {}</msg>
<msg time="2025-03-10T17:12:10.571580" level="DEBUG">http://localhost:49394 "GET /session/66106061059f47e8a21bd9730e9730e2/element/f.B40736811A87C7C5D2B884D710F3AC11.d.F6D099F8CA5E7DA3F212373B977C1FAD.e.14/text HTTP/1.1" 200 0</msg>
<msg time="2025-03-10T17:12:10.571646" level="DEBUG">Remote response: status=200 | data={"value":"You logged into a secure area!\n×"} | headers=HTTPHeaderDict({'Content-Length': '46', 'Content-Type': 'application/json; charset=utf-8', 'cache-control': 'no-cache'})</msg>
<msg time="2025-03-10T17:12:10.571684" level="DEBUG">Finished Request</msg>
<msg time="2025-03-10T17:12:10.571718" level="TRACE">Return: 'You logged into a secure area!\n×'</msg>
<msg time="2025-03-10T17:12:10.571807" level="INFO">${text} = You logged into a secure area!
×</msg>
<var>${text}</var>
<arg>${FLASH_MESSAGE}</arg>
<doc>Returns the text value of the element identified by ``locator``.</doc>
<status status="PASS" start="2025-03-10T17:12:10.562710" elapsed="0.009128"/>
</kw>
<return>
<value>${text}</value>
<status status="PASS" start="2025-03-10T17:12:10.571904" elapsed="0.000050"/>
</return>
<msg time="2025-03-10T17:12:10.572033" level="TRACE">Return: 'You logged into a secure area!\n×'</msg>
<msg time="2025-03-10T17:12:10.572071" level="INFO">${test} = You logged into a secure area!
×</msg>
<var>${test}</var>
<status status="PASS" start="2025-03-10T17:12:10.562505" elapsed="0.009580"/>
</kw>
<kw name="Log" owner="BuiltIn">
<msg time="2025-03-10T17:12:10.572325" level="TRACE">Arguments: [ 'You logged into a secure area!\n×' ]</msg>
<msg time="2025-03-10T17:12:10.572370" level="INFO">You logged into a secure area!
×</msg>
<msg time="2025-03-10T17:12:10.572390" level="TRACE">Return: None</msg>
<arg>${test}</arg>
<doc>Logs the given message with the given level.</doc>
<status status="PASS" start="2025-03-10T17:12:10.572249" elapsed="0.000161"/>
</kw>
<kw name="Should Contain" owner="BuiltIn">
<msg time="2025-03-10T17:12:10.572604" level="TRACE">Arguments: [ 'You logged into a secure area!\n×' | 'You logged into a secure area!' ]</msg>
<msg time="2025-03-10T17:12:10.572646" level="TRACE">Return: None</msg>
<arg>${test}</arg>
<arg>You logged into a secure area!</arg>
<doc>Fails if ``container`` does not contain ``item`` one or more times.</doc>
<status status="PASS" start="2025-03-10T17:12:10.572537" elapsed="0.000128"/>
</kw>
<kw name="Click Logout Button" owner="resourses">
<msg time="2025-03-10T17:12:10.572934" level="TRACE">Arguments: [  ]</msg>
<kw name="Click Element" owner="SeleniumLibrary">
<msg time="2025-03-10T17:12:10.573148" level="TRACE">Arguments: [ 'xpath=//a[@href="/logout"]' ]</msg>
<msg time="2025-03-10T17:12:10.573191" level="INFO">Clicking element 'xpath=//a[@href="/logout"]'.</msg>
<msg time="2025-03-10T17:12:10.573262" level="DEBUG">POST http://localhost:49394/session/66106061059f47e8a21bd9730e9730e2/elements {'using': 'xpath', 'value': '//a[@href="/logout"]'}</msg>
<msg time="2025-03-10T17:12:10.577880" level="DEBUG">http://localhost:49394 "POST /session/66106061059f47e8a21bd9730e9730e2/elements HTTP/1.1" 200 0</msg>
<msg time="2025-03-10T17:12:10.577939" level="DEBUG">Remote response: status=200 | data={"value":[{"element-6066-11e4-a52e-4f735466cecf":"f.B40736811A87C7C5D2B884D710F3AC11.d.F6D099F8CA5E7DA3F212373B977C1FAD.e.16"}]} | headers=HTTPHeaderDict({'Content-Length': '128', 'Content-Type': 'application/json; charset=utf-8', 'cache-control': 'no-cache'})</msg>
<msg time="2025-03-10T17:12:10.577976" level="DEBUG">Finished Request</msg>
<msg time="2025-03-10T17:12:10.578030" level="DEBUG">POST http://localhost:49394/session/66106061059f47e8a21bd9730e9730e2/element/f.B40736811A87C7C5D2B884D710F3AC11.d.F6D099F8CA5E7DA3F212373B977C1FAD.e.16/click {}</msg>
<msg time="2025-03-10T17:12:10.873919" level="DEBUG">http://localhost:49394 "POST /session/66106061059f47e8a21bd9730e9730e2/element/f.B40736811A87C7C5D2B884D710F3AC11.d.F6D099F8CA5E7DA3F212373B977C1FAD.e.16/click HTTP/1.1" 200 0</msg>
<msg time="2025-03-10T17:12:10.874010" level="DEBUG">Remote response: status=200 | data={"value":null} | headers=HTTPHeaderDict({'Content-Length': '14', 'Content-Type': 'application/json; charset=utf-8', 'cache-control': 'no-cache'})</msg>
<msg time="2025-03-10T17:12:10.874049" level="DEBUG">Finished Request</msg>
<msg time="2025-03-10T17:12:10.874085" level="TRACE">Return: None</msg>
<arg>${LOGOUT_BTN}</arg>
<doc>Click the element identified by ``locator``.</doc>
<status status="PASS" start="2025-03-10T17:12:10.573062" elapsed="0.301054"/>
</kw>
<msg time="2025-03-10T17:12:10.874175" level="TRACE">Return: None</msg>
<status status="PASS" start="2025-03-10T17:12:10.572831" elapsed="0.301365"/>
</kw>
<kw name="Close Browser" owner="SeleniumLibrary" type="TEARDOWN">
<msg time="2025-03-10T17:12:10.874480" level="TRACE">Arguments: [  ]</msg>
<msg time="2025-03-10T17:12:10.874526" level="DEBUG">Closing browser with session id 66106061059f47e8a21bd9730e9730e2.</msg>
<msg time="2025-03-10T17:12:10.874584" level="DEBUG">DELETE http://localhost:49394/session/66106061059f47e8a21bd9730e9730e2 {}</msg>
<msg time="2025-03-10T17:12:10.890904" level="DEBUG">http://localhost:49394 "DELETE /session/66106061059f47e8a21bd9730e9730e2 HTTP/1.1" 200 0</msg>
<msg time="2025-03-10T17:12:10.891009" level="DEBUG">Remote response: status=200 | data={"value":null} | headers=HTTPHeaderDict({'Content-Length': '14', 'Content-Type': 'application/json; charset=utf-8', 'cache-control': 'no-cache'})</msg>
<msg time="2025-03-10T17:12:10.891053" level="DEBUG">Finished Request</msg>
<msg time="2025-03-10T17:12:12.927580" level="TRACE">Return: None</msg>
<doc>Closes the current browser.</doc>
<status status="PASS" start="2025-03-10T17:12:10.874429" elapsed="2.053246"/>
</kw>
<status status="PASS" start="2025-03-10T17:12:07.073239" elapsed="5.854623"/>
</test>
<doc>This is my first test case</doc>
<status status="PASS" start="2025-03-10T17:12:06.899986" elapsed="6.028433"/>
</suite>
<statistics>
<total>
<stat pass="1" fail="0" skip="0">All Tests</stat>
</total>
<tag>
</tag>
<suite>
<stat name="Test" id="s1" pass="1" fail="0" skip="0">Test</stat>
</suite>
</statistics>
<errors>
</errors>
</robot>
