<?xml version="1.0" encoding="UTF-8"?>
<robot generator="Robot 7.2.2 (Python 3.13.2 on win32)" generated="2025-03-10T16:12:04.611739" rpa="false" schemaversion="5">
<suite id="s1" name="Test" source="E:\robotframework\Tests\test.robot">
<test id="s1-t1" name=" TEST1" line="11">
<kw name="Open Browser" owner="SeleniumLibrary" type="SETUP">
<msg time="2025-03-10T16:12:04.803695" level="TRACE">Arguments: [ url='https://the-internet.herokuapp.com/login' | browser='chrome' ]</msg>
<msg time="2025-03-10T16:12:04.803835" level="INFO">Opening browser 'chrome' to base url 'https://the-internet.herokuapp.com/login'.</msg>
<msg time="2025-03-10T16:12:04.805263" level="DEBUG">Selenium Manager binary found at: E:\python313\Lib\site-packages\selenium\webdriver\common\windows\selenium-manager.exe</msg>
<msg time="2025-03-10T16:12:04.805344" level="DEBUG">Executing process: E:\python313\Lib\site-packages\selenium\webdriver\common\windows\selenium-manager.exe --browser chrome --language-binding python --output json</msg>
<msg time="2025-03-10T16:12:04.975275" level="DEBUG">Driver path: C:\Users\Alexander\.cache\selenium\chromedriver\win64\133.0.6943.141\chromedriver.exe</msg>
<msg time="2025-03-10T16:12:04.975360" level="DEBUG">Browser path: C:\Program Files\Google\Chrome\Application\chrome.exe</msg>
<msg time="2025-03-10T16:12:04.978207" level="DEBUG">Started executable: `C:\Users\Alexander\.cache\selenium\chromedriver\win64\133.0.6943.141\chromedriver.exe` in a child process with pid: 5800 using 0 to output -3</msg>
<msg time="2025-03-10T16:12:05.483455" level="DEBUG">POST http://localhost:63233/session {'capabilities': {'firstMatch': [{}], 'alwaysMatch': {'browserName': 'chrome', 'pageLoadStrategy': &lt;PageLoadStrategy.normal: 'normal'&gt;, 'browserVersion': None, 'goog:chromeOptions': {'extensions': [], 'binary': 'C:\\Program Files\\Google\\Chrome\\Application\\chrome.exe', 'args': []}}}}</msg>
<msg time="2025-03-10T16:12:05.483798" level="DEBUG">Starting new HTTP connection (1): localhost:63233</msg>
<msg time="2025-03-10T16:12:05.963737" level="DEBUG">http://localhost:63233 "POST /session HTTP/1.1" 200 0</msg>
<msg time="2025-03-10T16:12:05.963871" level="DEBUG">Remote response: status=200 | data={"value":{"capabilities":{"acceptInsecureCerts":false,"browserName":"chrome","browserVersion":"133.0.6943.142","chrome":{"chromedriverVersion":"133.0.6943.141 (2a5d6da0d6165d7b107502095a937fe7704fcef6-refs/branch-heads/6943@{#1912})","userDataDir":"C:\\Users\\ALEXAN~1\\AppData\\Local\\Temp\\scoped_dir5800_724150792"},"fedcm:accounts":true,"goog:chromeOptions":{"debuggerAddress":"localhost:63237"},"networkConnectionEnabled":false,"pageLoadStrategy":"normal","platformName":"windows","proxy":{},"setWindowRect":true,"strictFileInteractability":false,"timeouts":{"implicit":0,"pageLoad":300000,"script":30000},"unhandledPromptBehavior":"dismiss and notify","webauthn:extension:credBlob":true,"webauthn:extension:largeBlob":true,"webauthn:extension:minPinLength":true,"webauthn:extension:prf":true,"webauthn:virtualAuthenticators":true},"sessionId":"f5ce9a28e29dad061c27468477efdb2b"}} | headers=HTTPHeaderDict({'Content-Length': '885', 'Content-Type': 'application/json; charset=utf-8', 'cache-control': 'no-cache'})</msg>
<msg time="2025-03-10T16:12:05.963950" level="DEBUG">Finished Request</msg>
<msg time="2025-03-10T16:12:05.964078" level="DEBUG">POST http://localhost:63233/session/f5ce9a28e29dad061c27468477efdb2b/timeouts {'script': 5000}</msg>
<msg time="2025-03-10T16:12:05.964676" level="DEBUG">http://localhost:63233 "POST /session/f5ce9a28e29dad061c27468477efdb2b/timeouts HTTP/1.1" 200 0</msg>
<msg time="2025-03-10T16:12:05.964753" level="DEBUG">Remote response: status=200 | data={"value":null} | headers=HTTPHeaderDict({'Content-Length': '14', 'Content-Type': 'application/json; charset=utf-8', 'cache-control': 'no-cache'})</msg>
<msg time="2025-03-10T16:12:05.964805" level="DEBUG">Finished Request</msg>
<msg time="2025-03-10T16:12:05.964875" level="DEBUG">POST http://localhost:63233/session/f5ce9a28e29dad061c27468477efdb2b/timeouts {'implicit': 0}</msg>
<msg time="2025-03-10T16:12:05.965374" level="DEBUG">http://localhost:63233 "POST /session/f5ce9a28e29dad061c27468477efdb2b/timeouts HTTP/1.1" 200 0</msg>
<msg time="2025-03-10T16:12:05.965444" level="DEBUG">Remote response: status=200 | data={"value":null} | headers=HTTPHeaderDict({'Content-Length': '14', 'Content-Type': 'application/json; charset=utf-8', 'cache-control': 'no-cache'})</msg>
<msg time="2025-03-10T16:12:05.965557" level="DEBUG">Finished Request</msg>
<msg time="2025-03-10T16:12:05.965631" level="DEBUG">POST http://localhost:63233/session/f5ce9a28e29dad061c27468477efdb2b/timeouts {'pageLoad': 300000}</msg>
<msg time="2025-03-10T16:12:05.966069" level="DEBUG">http://localhost:63233 "POST /session/f5ce9a28e29dad061c27468477efdb2b/timeouts HTTP/1.1" 200 0</msg>
<msg time="2025-03-10T16:12:05.966123" level="DEBUG">Remote response: status=200 | data={"value":null} | headers=HTTPHeaderDict({'Content-Length': '14', 'Content-Type': 'application/json; charset=utf-8', 'cache-control': 'no-cache'})</msg>
<msg time="2025-03-10T16:12:05.966157" level="DEBUG">Finished Request</msg>
<msg time="2025-03-10T16:12:05.966207" level="DEBUG">POST http://localhost:63233/session/f5ce9a28e29dad061c27468477efdb2b/url {'url': 'https://the-internet.herokuapp.com/login'}</msg>
<msg time="2025-03-10T16:12:07.644707" level="DEBUG">http://localhost:63233 "POST /session/f5ce9a28e29dad061c27468477efdb2b/url HTTP/1.1" 200 0</msg>
<msg time="2025-03-10T16:12:07.644839" level="DEBUG">Remote response: status=200 | data={"value":null} | headers=HTTPHeaderDict({'Content-Length': '14', 'Content-Type': 'application/json; charset=utf-8', 'cache-control': 'no-cache'})</msg>
<msg time="2025-03-10T16:12:07.644896" level="DEBUG">Finished Request</msg>
<msg time="2025-03-10T16:12:07.644963" level="DEBUG">Opened browser with session id f5ce9a28e29dad061c27468477efdb2b.</msg>
<msg time="2025-03-10T16:12:07.645021" level="TRACE">Return: 1</msg>
<arg>url=https://the-internet.herokuapp.com/login</arg>
<arg>browser=chrome</arg>
<doc>Opens a new browser instance to the optional ``url``.</doc>
<status status="PASS" start="2025-03-10T16:12:04.803559" elapsed="2.841523"/>
</kw>
<kw name="Login" owner="resourses">
<msg time="2025-03-10T16:12:07.645769" level="TRACE">Arguments: [ ${USERNAME}='tomsmith' | ${PASSWORD}='SuperSecretPassword!' ]</msg>
<kw name="Enter Username" owner="resourses">
<msg time="2025-03-10T16:12:07.646057" level="TRACE">Arguments: [ ${USERNAME}='tomsmith' ]</msg>
<kw name="Input Text" owner="SeleniumLibrary">
<msg time="2025-03-10T16:12:07.646347" level="TRACE">Arguments: [ 'xpath=//input[@id="username"]' | 'tomsmith' ]</msg>
<msg time="2025-03-10T16:12:07.646402" level="INFO">Typing text 'tomsmith' into text field 'xpath=//input[@id="username"]'.</msg>
<msg time="2025-03-10T16:12:07.646535" level="DEBUG">POST http://localhost:63233/session/f5ce9a28e29dad061c27468477efdb2b/elements {'using': 'xpath', 'value': '//input[@id="username"]'}</msg>
<msg time="2025-03-10T16:12:07.653347" level="DEBUG">http://localhost:63233 "POST /session/f5ce9a28e29dad061c27468477efdb2b/elements HTTP/1.1" 200 0</msg>
<msg time="2025-03-10T16:12:07.653435" level="DEBUG">Remote response: status=200 | data={"value":[{"element-6066-11e4-a52e-4f735466cecf":"f.88887A5A10A8CEFA88BD871190241FE7.d.EFA4BA3B120C61B0AC564B7B4CD7804C.e.3"}]} | headers=HTTPHeaderDict({'Content-Length': '127', 'Content-Type': 'application/json; charset=utf-8', 'cache-control': 'no-cache'})</msg>
<msg time="2025-03-10T16:12:07.653476" level="DEBUG">Finished Request</msg>
<msg time="2025-03-10T16:12:07.653542" level="DEBUG">POST http://localhost:63233/session/f5ce9a28e29dad061c27468477efdb2b/element/f.88887A5A10A8CEFA88BD871190241FE7.d.EFA4BA3B120C61B0AC564B7B4CD7804C.e.3/clear {}</msg>
<msg time="2025-03-10T16:12:07.669931" level="DEBUG">http://localhost:63233 "POST /session/f5ce9a28e29dad061c27468477efdb2b/element/f.88887A5A10A8CEFA88BD871190241FE7.d.EFA4BA3B120C61B0AC564B7B4CD7804C.e.3/clear HTTP/1.1" 200 0</msg>
<msg time="2025-03-10T16:12:07.670025" level="DEBUG">Remote response: status=200 | data={"value":null} | headers=HTTPHeaderDict({'Content-Length': '14', 'Content-Type': 'application/json; charset=utf-8', 'cache-control': 'no-cache'})</msg>
<msg time="2025-03-10T16:12:07.670152" level="DEBUG">Finished Request</msg>
<msg time="2025-03-10T16:12:07.670231" level="DEBUG">POST http://localhost:63233/session/f5ce9a28e29dad061c27468477efdb2b/element/f.88887A5A10A8CEFA88BD871190241FE7.d.EFA4BA3B120C61B0AC564B7B4CD7804C.e.3/value {'text': 'tomsmith', 'value': ['t', 'o', 'm', 's', 'm', 'i', 't', 'h']}</msg>
<msg time="2025-03-10T16:12:07.695320" level="DEBUG">http://localhost:63233 "POST /session/f5ce9a28e29dad061c27468477efdb2b/element/f.88887A5A10A8CEFA88BD871190241FE7.d.EFA4BA3B120C61B0AC564B7B4CD7804C.e.3/value HTTP/1.1" 200 0</msg>
<msg time="2025-03-10T16:12:07.695434" level="DEBUG">Remote response: status=200 | data={"value":null} | headers=HTTPHeaderDict({'Content-Length': '14', 'Content-Type': 'application/json; charset=utf-8', 'cache-control': 'no-cache'})</msg>
<msg time="2025-03-10T16:12:07.695486" level="DEBUG">Finished Request</msg>
<msg time="2025-03-10T16:12:07.695531" level="TRACE">Return: None</msg>
<arg>${USERNAME_INPUT}</arg>
<arg>${USERNAME}</arg>
<doc>Types the given ``text`` into the text field identified by ``locator``.</doc>
<status status="PASS" start="2025-03-10T16:12:07.646150" elapsed="0.049416"/>
</kw>
<msg time="2025-03-10T16:12:07.695651" level="TRACE">Return: None</msg>
<arg>${USERNAME}</arg>
<status status="PASS" start="2025-03-10T16:12:07.645939" elapsed="0.049744"/>
</kw>
<kw name="Enter Password" owner="resourses">
<msg time="2025-03-10T16:12:07.695939" level="TRACE">Arguments: [ ${PASSWORD}='SuperSecretPassword!' ]</msg>
<kw name="Input Text" owner="SeleniumLibrary">
<msg time="2025-03-10T16:12:07.696145" level="TRACE">Arguments: [ 'xpath=//input[@id="password"]' | 'SuperSecretPassword!' ]</msg>
<msg time="2025-03-10T16:12:07.696198" level="INFO">Typing text 'SuperSecretPassword!' into text field 'xpath=//input[@id="password"]'.</msg>
<msg time="2025-03-10T16:12:07.696291" level="DEBUG">POST http://localhost:63233/session/f5ce9a28e29dad061c27468477efdb2b/elements {'using': 'xpath', 'value': '//input[@id="password"]'}</msg>
<msg time="2025-03-10T16:12:07.702651" level="DEBUG">http://localhost:63233 "POST /session/f5ce9a28e29dad061c27468477efdb2b/elements HTTP/1.1" 200 0</msg>
<msg time="2025-03-10T16:12:07.702778" level="DEBUG">Remote response: status=200 | data={"value":[{"element-6066-11e4-a52e-4f735466cecf":"f.88887A5A10A8CEFA88BD871190241FE7.d.EFA4BA3B120C61B0AC564B7B4CD7804C.e.5"}]} | headers=HTTPHeaderDict({'Content-Length': '127', 'Content-Type': 'application/json; charset=utf-8', 'cache-control': 'no-cache'})</msg>
<msg time="2025-03-10T16:12:07.702847" level="DEBUG">Finished Request</msg>
<msg time="2025-03-10T16:12:07.702925" level="DEBUG">POST http://localhost:63233/session/f5ce9a28e29dad061c27468477efdb2b/element/f.88887A5A10A8CEFA88BD871190241FE7.d.EFA4BA3B120C61B0AC564B7B4CD7804C.e.5/clear {}</msg>
<msg time="2025-03-10T16:12:07.713106" level="DEBUG">http://localhost:63233 "POST /session/f5ce9a28e29dad061c27468477efdb2b/element/f.88887A5A10A8CEFA88BD871190241FE7.d.EFA4BA3B120C61B0AC564B7B4CD7804C.e.5/clear HTTP/1.1" 200 0</msg>
<msg time="2025-03-10T16:12:07.713214" level="DEBUG">Remote response: status=200 | data={"value":null} | headers=HTTPHeaderDict({'Content-Length': '14', 'Content-Type': 'application/json; charset=utf-8', 'cache-control': 'no-cache'})</msg>
<msg time="2025-03-10T16:12:07.713266" level="DEBUG">Finished Request</msg>
<msg time="2025-03-10T16:12:07.713366" level="DEBUG">POST http://localhost:63233/session/f5ce9a28e29dad061c27468477efdb2b/element/f.88887A5A10A8CEFA88BD871190241FE7.d.EFA4BA3B120C61B0AC564B7B4CD7804C.e.5/value {'text': 'SuperSecretPassword!', 'value': ['S', 'u', 'p', 'e', 'r', 'S', 'e', 'c', 'r', 'e', 't', 'P', 'a', 's', 's', 'w', 'o', 'r', 'd', '!']}</msg>
<msg time="2025-03-10T16:12:07.740311" level="DEBUG">http://localhost:63233 "POST /session/f5ce9a28e29dad061c27468477efdb2b/element/f.88887A5A10A8CEFA88BD871190241FE7.d.EFA4BA3B120C61B0AC564B7B4CD7804C.e.5/value HTTP/1.1" 200 0</msg>
<msg time="2025-03-10T16:12:07.740439" level="DEBUG">Remote response: status=200 | data={"value":null} | headers=HTTPHeaderDict({'Content-Length': '14', 'Content-Type': 'application/json; charset=utf-8', 'cache-control': 'no-cache'})</msg>
<msg time="2025-03-10T16:12:07.740497" level="DEBUG">Finished Request</msg>
<msg time="2025-03-10T16:12:07.740548" level="TRACE">Return: None</msg>
<arg>${PASSWORD_INPUT}</arg>
<arg>${PASSWORD}</arg>
<doc>Types the given ``text`` into the text field identified by ``locator``.</doc>
<status status="PASS" start="2025-03-10T16:12:07.696027" elapsed="0.044561"/>
</kw>
<msg time="2025-03-10T16:12:07.740676" level="TRACE">Return: None</msg>
<arg>${PASSWORD}</arg>
<status status="PASS" start="2025-03-10T16:12:07.695804" elapsed="0.044913"/>
</kw>
<kw name="Click Login Button" owner="resourses">
<msg time="2025-03-10T16:12:07.740994" level="TRACE">Arguments: [  ]</msg>
<kw name="Click Element" owner="SeleniumLibrary">
<msg time="2025-03-10T16:12:07.741219" level="TRACE">Arguments: [ 'xpath=//button[@type="submit"]' ]</msg>
<msg time="2025-03-10T16:12:07.741277" level="INFO">Clicking element 'xpath=//button[@type="submit"]'.</msg>
<msg time="2025-03-10T16:12:07.741361" level="DEBUG">POST http://localhost:63233/session/f5ce9a28e29dad061c27468477efdb2b/elements {'using': 'xpath', 'value': '//button[@type="submit"]'}</msg>
<msg time="2025-03-10T16:12:07.746677" level="DEBUG">http://localhost:63233 "POST /session/f5ce9a28e29dad061c27468477efdb2b/elements HTTP/1.1" 200 0</msg>
<msg time="2025-03-10T16:12:07.746784" level="DEBUG">Remote response: status=200 | data={"value":[{"element-6066-11e4-a52e-4f735466cecf":"f.88887A5A10A8CEFA88BD871190241FE7.d.EFA4BA3B120C61B0AC564B7B4CD7804C.e.6"}]} | headers=HTTPHeaderDict({'Content-Length': '127', 'Content-Type': 'application/json; charset=utf-8', 'cache-control': 'no-cache'})</msg>
<msg time="2025-03-10T16:12:07.746840" level="DEBUG">Finished Request</msg>
<msg time="2025-03-10T16:12:07.746931" level="DEBUG">POST http://localhost:63233/session/f5ce9a28e29dad061c27468477efdb2b/element/f.88887A5A10A8CEFA88BD871190241FE7.d.EFA4BA3B120C61B0AC564B7B4CD7804C.e.6/click {}</msg>
<msg time="2025-03-10T16:12:08.055799" level="DEBUG">http://localhost:63233 "POST /session/f5ce9a28e29dad061c27468477efdb2b/element/f.88887A5A10A8CEFA88BD871190241FE7.d.EFA4BA3B120C61B0AC564B7B4CD7804C.e.6/click HTTP/1.1" 200 0</msg>
<msg time="2025-03-10T16:12:08.055913" level="DEBUG">Remote response: status=200 | data={"value":null} | headers=HTTPHeaderDict({'Content-Length': '14', 'Content-Type': 'application/json; charset=utf-8', 'cache-control': 'no-cache'})</msg>
<msg time="2025-03-10T16:12:08.055968" level="DEBUG">Finished Request</msg>
<msg time="2025-03-10T16:12:08.056012" level="TRACE">Return: None</msg>
<arg>${LOGIN_BTN}</arg>
<doc>Click the element identified by ``locator``.</doc>
<status status="PASS" start="2025-03-10T16:12:07.741092" elapsed="0.314955"/>
</kw>
<msg time="2025-03-10T16:12:08.056117" level="TRACE">Return: None</msg>
<status status="PASS" start="2025-03-10T16:12:07.740863" elapsed="0.315279"/>
</kw>
<msg time="2025-03-10T16:12:08.056173" level="TRACE">Return: None</msg>
<arg>tomsmith</arg>
<arg>SuperSecretPassword!</arg>
<status status="PASS" start="2025-03-10T16:12:07.645545" elapsed="0.410649"/>
</kw>
<kw name="Element Should Contain" owner="SeleniumLibrary">
<msg time="2025-03-10T16:12:08.056536" level="TRACE">Arguments: [ 'id=flash' | 'You logged into a secure area!' ]</msg>
<msg time="2025-03-10T16:12:08.056672" level="DEBUG">POST http://localhost:63233/session/f5ce9a28e29dad061c27468477efdb2b/elements {'using': 'css selector', 'value': '[id="flash"]'}</msg>
<msg time="2025-03-10T16:12:08.063763" level="DEBUG">http://localhost:63233 "POST /session/f5ce9a28e29dad061c27468477efdb2b/elements HTTP/1.1" 200 0</msg>
<msg time="2025-03-10T16:12:08.063884" level="DEBUG">Remote response: status=200 | data={"value":[{"element-6066-11e4-a52e-4f735466cecf":"f.88887A5A10A8CEFA88BD871190241FE7.d.24C385D3BE3EF42B4BBDBDF021C93D5A.e.14"}]} | headers=HTTPHeaderDict({'Content-Length': '128', 'Content-Type': 'application/json; charset=utf-8', 'cache-control': 'no-cache'})</msg>
<msg time="2025-03-10T16:12:08.064018" level="DEBUG">Finished Request</msg>
<msg time="2025-03-10T16:12:08.064099" level="DEBUG">GET http://localhost:63233/session/f5ce9a28e29dad061c27468477efdb2b/element/f.88887A5A10A8CEFA88BD871190241FE7.d.24C385D3BE3EF42B4BBDBDF021C93D5A.e.14/text {}</msg>
<msg time="2025-03-10T16:12:08.071477" level="DEBUG">http://localhost:63233 "GET /session/f5ce9a28e29dad061c27468477efdb2b/element/f.88887A5A10A8CEFA88BD871190241FE7.d.24C385D3BE3EF42B4BBDBDF021C93D5A.e.14/text HTTP/1.1" 200 0</msg>
<msg time="2025-03-10T16:12:08.071577" level="DEBUG">Remote response: status=200 | data={"value":"You logged into a secure area!\n×"} | headers=HTTPHeaderDict({'Content-Length': '46', 'Content-Type': 'application/json; charset=utf-8', 'cache-control': 'no-cache'})</msg>
<msg time="2025-03-10T16:12:08.071626" level="DEBUG">Finished Request</msg>
<msg time="2025-03-10T16:12:08.071657" level="INFO">Element 'id=flash' contains text 'You logged into a secure area!'.</msg>
<msg time="2025-03-10T16:12:08.071690" level="TRACE">Return: None</msg>
<arg>id=flash</arg>
<arg>You logged into a secure area!</arg>
<doc>Verifies that element ``locator`` contains text ``expected``.</doc>
<status status="PASS" start="2025-03-10T16:12:08.056403" elapsed="0.015321"/>
</kw>
<kw name="Get Flash Message Text" owner="resourses">
<msg time="2025-03-10T16:12:08.072198" level="TRACE">Arguments: [  ]</msg>
<kw name="Get Text" owner="SeleniumLibrary">
<msg time="2025-03-10T16:12:08.072458" level="TRACE">Arguments: [ 'xpath=//div[@id="flash"]' ]</msg>
<msg time="2025-03-10T16:12:08.072616" level="DEBUG">POST http://localhost:63233/session/f5ce9a28e29dad061c27468477efdb2b/elements {'using': 'xpath', 'value': '//div[@id="flash"]'}</msg>
<msg time="2025-03-10T16:12:08.077860" level="DEBUG">http://localhost:63233 "POST /session/f5ce9a28e29dad061c27468477efdb2b/elements HTTP/1.1" 200 0</msg>
<msg time="2025-03-10T16:12:08.077935" level="DEBUG">Remote response: status=200 | data={"value":[{"element-6066-11e4-a52e-4f735466cecf":"f.88887A5A10A8CEFA88BD871190241FE7.d.24C385D3BE3EF42B4BBDBDF021C93D5A.e.14"}]} | headers=HTTPHeaderDict({'Content-Length': '128', 'Content-Type': 'application/json; charset=utf-8', 'cache-control': 'no-cache'})</msg>
<msg time="2025-03-10T16:12:08.077974" level="DEBUG">Finished Request</msg>
<msg time="2025-03-10T16:12:08.078033" level="DEBUG">GET http://localhost:63233/session/f5ce9a28e29dad061c27468477efdb2b/element/f.88887A5A10A8CEFA88BD871190241FE7.d.24C385D3BE3EF42B4BBDBDF021C93D5A.e.14/text {}</msg>
<msg time="2025-03-10T16:12:08.081764" level="DEBUG">http://localhost:63233 "GET /session/f5ce9a28e29dad061c27468477efdb2b/element/f.88887A5A10A8CEFA88BD871190241FE7.d.24C385D3BE3EF42B4BBDBDF021C93D5A.e.14/text HTTP/1.1" 200 0</msg>
<msg time="2025-03-10T16:12:08.081848" level="DEBUG">Remote response: status=200 | data={"value":"You logged into a secure area!\n×"} | headers=HTTPHeaderDict({'Content-Length': '46', 'Content-Type': 'application/json; charset=utf-8', 'cache-control': 'no-cache'})</msg>
<msg time="2025-03-10T16:12:08.081890" level="DEBUG">Finished Request</msg>
<msg time="2025-03-10T16:12:08.081927" level="TRACE">Return: 'You logged into a secure area!\n×'</msg>
<msg time="2025-03-10T16:12:08.082001" level="INFO">${text} = You logged into a secure area!
×</msg>
<var>${text}</var>
<arg>${FLASH_MESSAGE}</arg>
<doc>Returns the text value of the element identified by ``locator``.</doc>
<status status="PASS" start="2025-03-10T16:12:08.072316" elapsed="0.009702"/>
</kw>
<return>
<value>${text}</value>
<status status="PASS" start="2025-03-10T16:12:08.082082" elapsed="0.000051"/>
</return>
<msg time="2025-03-10T16:12:08.082212" level="TRACE">Return: 'You logged into a secure area!\n×'</msg>
<msg time="2025-03-10T16:12:08.082266" level="INFO">${test} = You logged into a secure area!
×</msg>
<var>${test}</var>
<status status="PASS" start="2025-03-10T16:12:08.072047" elapsed="0.010243"/>
</kw>
<kw name="Log" owner="BuiltIn">
<msg time="2025-03-10T16:12:08.082598" level="TRACE">Arguments: [ 'You logged into a secure area!\n×' ]</msg>
<msg time="2025-03-10T16:12:08.082651" level="INFO">You logged into a secure area!
×</msg>
<msg time="2025-03-10T16:12:08.082675" level="TRACE">Return: None</msg>
<arg>${test}</arg>
<doc>Logs the given message with the given level.</doc>
<status status="PASS" start="2025-03-10T16:12:08.082497" elapsed="0.000199"/>
</kw>
<kw name="Should Contain" owner="BuiltIn">
<msg time="2025-03-10T16:12:08.082943" level="TRACE">Arguments: [ 'You logged into a secure area!\n×' | 'You logged into a secure area!' ]</msg>
<msg time="2025-03-10T16:12:08.082999" level="TRACE">Return: None</msg>
<arg>${test}</arg>
<arg>You logged into a secure area!</arg>
<doc>Fails if ``container`` does not contain ``item`` one or more times.</doc>
<status status="PASS" start="2025-03-10T16:12:08.082852" elapsed="0.000172"/>
</kw>
<kw name="Click Logout Button" owner="resourses">
<msg time="2025-03-10T16:12:08.083304" level="TRACE">Arguments: [  ]</msg>
<kw name="Click Element" owner="SeleniumLibrary">
<msg time="2025-03-10T16:12:08.083473" level="TRACE">Arguments: [ 'xpath=//a[@href="/logout"]' ]</msg>
<msg time="2025-03-10T16:12:08.083524" level="INFO">Clicking element 'xpath=//a[@href="/logout"]'.</msg>
<msg time="2025-03-10T16:12:08.083607" level="DEBUG">POST http://localhost:63233/session/f5ce9a28e29dad061c27468477efdb2b/elements {'using': 'xpath', 'value': '//a[@href="/logout"]'}</msg>
<msg time="2025-03-10T16:12:08.088651" level="DEBUG">http://localhost:63233 "POST /session/f5ce9a28e29dad061c27468477efdb2b/elements HTTP/1.1" 200 0</msg>
<msg time="2025-03-10T16:12:08.088739" level="DEBUG">Remote response: status=200 | data={"value":[{"element-6066-11e4-a52e-4f735466cecf":"f.88887A5A10A8CEFA88BD871190241FE7.d.24C385D3BE3EF42B4BBDBDF021C93D5A.e.16"}]} | headers=HTTPHeaderDict({'Content-Length': '128', 'Content-Type': 'application/json; charset=utf-8', 'cache-control': 'no-cache'})</msg>
<msg time="2025-03-10T16:12:08.088808" level="DEBUG">Finished Request</msg>
<msg time="2025-03-10T16:12:08.088888" level="DEBUG">POST http://localhost:63233/session/f5ce9a28e29dad061c27468477efdb2b/element/f.88887A5A10A8CEFA88BD871190241FE7.d.24C385D3BE3EF42B4BBDBDF021C93D5A.e.16/click {}</msg>
<msg time="2025-03-10T16:12:08.393897" level="DEBUG">http://localhost:63233 "POST /session/f5ce9a28e29dad061c27468477efdb2b/element/f.88887A5A10A8CEFA88BD871190241FE7.d.24C385D3BE3EF42B4BBDBDF021C93D5A.e.16/click HTTP/1.1" 200 0</msg>
<msg time="2025-03-10T16:12:08.394006" level="DEBUG">Remote response: status=200 | data={"value":null} | headers=HTTPHeaderDict({'Content-Length': '14', 'Content-Type': 'application/json; charset=utf-8', 'cache-control': 'no-cache'})</msg>
<msg time="2025-03-10T16:12:08.394085" level="DEBUG">Finished Request</msg>
<msg time="2025-03-10T16:12:08.394138" level="TRACE">Return: None</msg>
<arg>${LOGOUT_BTN}</arg>
<doc>Click the element identified by ``locator``.</doc>
<status status="PASS" start="2025-03-10T16:12:08.083380" elapsed="0.310801"/>
</kw>
<msg time="2025-03-10T16:12:08.394262" level="TRACE">Return: None</msg>
<status status="PASS" start="2025-03-10T16:12:08.083203" elapsed="0.311089"/>
</kw>
<kw name="Close Browser" owner="SeleniumLibrary" type="TEARDOWN">
<msg time="2025-03-10T16:12:08.394648" level="TRACE">Arguments: [  ]</msg>
<msg time="2025-03-10T16:12:08.394706" level="DEBUG">Closing browser with session id f5ce9a28e29dad061c27468477efdb2b.</msg>
<msg time="2025-03-10T16:12:08.394786" level="DEBUG">DELETE http://localhost:63233/session/f5ce9a28e29dad061c27468477efdb2b {}</msg>
<msg time="2025-03-10T16:12:08.418443" level="DEBUG">http://localhost:63233 "DELETE /session/f5ce9a28e29dad061c27468477efdb2b HTTP/1.1" 200 0</msg>
<msg time="2025-03-10T16:12:08.418533" level="DEBUG">Remote response: status=200 | data={"value":null} | headers=HTTPHeaderDict({'Content-Length': '14', 'Content-Type': 'application/json; charset=utf-8', 'cache-control': 'no-cache'})</msg>
<msg time="2025-03-10T16:12:08.418573" level="DEBUG">Finished Request</msg>
<msg time="2025-03-10T16:12:10.460996" level="TRACE">Return: None</msg>
<doc>Closes the current browser.</doc>
<status status="PASS" start="2025-03-10T16:12:08.394581" elapsed="2.066494"/>
</kw>
<status status="PASS" start="2025-03-10T16:12:04.802149" elapsed="5.659067"/>
</test>
<doc>This is my first test case</doc>
<status status="PASS" start="2025-03-10T16:12:04.612729" elapsed="5.848993"/>
</suite>
<statistics>
<total>
<stat pass="1" fail="0" skip="0">All Tests</stat>
</total>
<tag>
</tag>
<suite>
<stat name="Test" id="s1" pass="1" fail="0" skip="0">Test</stat>
</suite>
</statistics>
<errors>
<msg time="2025-03-10T16:12:04.636689" level="WARN">Error in file 'E:\robotframework\Resourses\resourses.robot' on line 43: The '[Return]' setting is deprecated. Use the 'RETURN' statement instead.</msg>
</errors>
</robot>
